
 *------------------------------------------------------------------------------------* 
 |                                                                                    | 
 |  *------------------------------------------------------------------------------*  | 
 |  |                                                                              |  | 
 |  |                                                                              |  | 
 |  |   PPP   Y   Y  TTTTT  H   H  III    A      Welcome to the Lund Monte Carlo!  |  | 
 |  |   P  P   Y Y     T    H   H   I    A A     This is PYTHIA version 8.312      |  | 
 |  |   PPP     Y      T    HHHHH   I   AAAAA    Last date of change: 23 May 2024  |  | 
 |  |   P       Y      T    H   H   I   A   A                                      |  | 
 |  |   P       Y      T    H   H  III  A   A    Now is 06 Sep 2024 at 15:14:03    |  | 
 |  |                                                                              |  | 
 |  |   Program documentation and an archive of historic versions is found on:     |  | 
 |  |                                                                              |  | 
 |  |                               https://pythia.org/                            |  | 
 |  |                                                                              |  | 
 |  |   PYTHIA is authored by a collaboration consisting of:                       |  | 
 |  |                                                                              |  | 
 |  |   Javira Altmann, Christian Bierlich, Naomi Cooke, Nishita Desai,            |  | 
 |  |   Leif Gellersen, Ilkka Helenius, Philip Ilten, Leif Lonnblad,               |  | 
 |  |   Stephen Mrenna, Christian Preuss, Torbjorn Sjostrand, Peter Skands,        |  | 
 |  |   Marius Utheim, and Rob Verheyen.                                           |  | 
 |  |                                                                              |  | 
 |  |   The complete list of authors, including contact information and            |  | 
 |  |   affiliations, can be found on https://pythia.org/.                         |  | 
 |  |   Problems or bugs should be reported on email at authors@pythia.org.        |  | 
 |  |                                                                              |  | 
 |  |   The main program reference is C. Bierlich et al,                           |  | 
 |  |   'A comprehensive guide to the physics and usage of Pythia 8.3',            |  | 
 |  |   SciPost Phys. Codebases 8-r8.3 (2022) [arXiv:2203.11601 [hep-ph]]          |  | 
 |  |                                                                              |  | 
 |  |   PYTHIA is released under the GNU General Public Licence version 2 or later.|  | 
 |  |   Please respect the MCnet Guidelines for Event Generator Authors and Users. |  | 
 |  |                                                                              |  | 
 |  |   Disclaimer: this program comes without any guarantees.                     |  | 
 |  |   Beware of errors and use common sense when interpreting results.           |  | 
 |  |                                                                              |  | 
 |  |   Copyright (C) 2024 Torbjorn Sjostrand                                      |  | 
 |  |                                                                              |  | 
 |  |                                                                              |  | 
 |  *------------------------------------------------------------------------------*  | 
 |                                                                                    | 
 *------------------------------------------------------------------------------------* 


 *-------  PYTHIA Process Initialization  --------------------------*
 |                                                                  |
 | We collide p+ with p+ at a CM energy of 1.300e+04 GeV            |
 |                                                                  |
 |------------------------------------------------------------------|
 |                                                    |             |
 | Subprocess                                    Code |   Estimated |
 |                                                    |    max (mb) |
 |                                                    |             |
 |------------------------------------------------------------------|
 |                                                    |             |
 | g g -> t tbar                                  601 |   7.626e-06 |
 | q qbar -> t tbar                               602 |   9.738e-07 |
 | q q -> t q (t-channel W+-)                     603 |   6.460e-06 |
 | f fbar -> t tbar (s-channel gamma*/Z0)         604 |   7.638e-09 |
 | f fbar -> t qbar (s-channel W+-)               605 |   1.379e-07 |
 | gamma gamma -> t tbar                          606 |   6.074e-11 |
 | g gamma -> t tbar                              607 |   6.428e-08 |
 |                                                                  |
 *-------  End PYTHIA Process Initialization -----------------------*

 *-------  PYTHIA Flag + Mode + Parm + Word + FVec + MVec + PVec + WVec Settings (changes only)  ------------------* 
 |                                                                                                                 | 
 | Name                                          |                      Now |      Default         Min         Max | 
 |                                               |                          |                                      | 
 | Beams:eCM                                     |                13000.000 |    14000.000         0.0             | 
 | HadronLevel:all                               |                      off |           on                         | 
 | Main:numberOfEvents                           |                    10000 |         1000           0             | 
 | PartonLevel:FSR                               |                      off |           on                         | 
 | PartonLevel:ISR                               |                      off |           on                         | 
 | PartonLevel:MPI                               |                      off |           on                         | 
 | Top:all                                       |                       on |          off                         | 
 |                                                                                                                 | 
 *-------  End PYTHIA Flag + Mode + Parm + Word + FVec + MVec + PVec + WVec Settings  -----------------------------* 

 --------  PYTHIA Particle Data Table (changed only)  ------------------------------------------------------------------------------
 
      id   name            antiName         spn chg col      m0        mWidth      mMin       mMax       tau0    res dec ext vis wid
             no onMode   bRatio   meMode     products 

 no particle data has been changed from its default value 

 --------  End PYTHIA Particle Data Table  -----------------------------------------------------------------------------------------


 --------  PYTHIA Info Listing  ---------------------------------------- 
 
 Beam A: id =   2212, pz =  6.500e+03, e =  6.500e+03, m =  9.383e-01.
 Beam B: id =   2212, pz = -6.500e+03, e =  6.500e+03, m =  9.383e-01.

 In 1: id =   21, x =  2.012e-02, pdf =  4.596e+00 at Q2 =  3.506e+04.
 In 2: id =   21, x =  4.530e-02, pdf =  2.121e+00 at same Q2.

 Subprocess g g -> t tbar with code 601 is 2 -> 2.
 It has sHat =  1.540e+05,    tHat = -6.529e+04,    uHat = -2.612e+04,
       pTHat =  6.871e+01,   m3Hat =  1.796e+02,   m4Hat =  1.742e+02,
    thetaHat =  2.199e+00,  phiHat =  4.421e-01.
     alphaEM =  7.883e-03,  alphaS =  1.166e-01    at Q2 =  3.600e+04.

 Impact parameter b =  0.000e+00 gives enhancement factor =  1.000e+00.
 Max pT scale for MPI =  1.300e+04, ISR =  1.300e+04, FSR =  1.300e+04.
 Number of MPI =     1, ISR =     0, FSRproc =     0, FSRreson =     0.

 --------  End PYTHIA Info Listing  ------------------------------------

 --------  PYTHIA Event Listing  (hard process)  -----------------------------------------------------------------------------------
 
    no         id  name            status     mothers   daughters     colours      p_x        p_y        p_z         e          m 
     0         90  (system)           -11     0     0     0     0     0     0      0.000      0.000      0.000  13000.000  13000.000
     1       2212  (p+)               -12     0     0     3     0     0     0      0.000      0.000   6500.000   6500.000      0.938
     2       2212  (p+)               -12     0     0     4     0     0     0      0.000      0.000  -6500.000   6500.000      0.938
     3         21  (g)                -21     1     0     5     6   101   102      0.000      0.000    130.750    130.750      0.000
     4         21  (g)                -21     2     0     5     6   103   101      0.000      0.000   -294.448    294.448      0.000
     5          6  (t)                -22     3     4     7     8   103     0     62.102     29.397   -136.932    236.053    179.581
     6         -6  (tbar)             -22     3     4     9    10     0   102    -62.102    -29.397    -26.765    189.146    174.181
     7         24  (W+)               -22     5     0    11    12     0     0     49.296    -15.152     -6.244     97.304     82.276
     8          5  b                   23     5     0     0     0   103     0     12.806     44.549   -130.688    138.748      4.800
     9        -24  (W-)               -22     6     0    13    14     0     0   -100.034     12.937    -22.630    131.952     82.006
    10         -5  bbar                23     6     0     0     0     0   102     37.932    -42.334     -4.135     57.194      4.800
    11        -11  e+                  23     7     0     0     0     0     0     62.941     13.770      1.320     64.443      0.001
    12         12  nu_e                23     7     0     0     0     0     0    -13.644    -28.922     -7.564     32.861      0.000
    13         11  e-                  23     9     0     0     0     0     0    -62.105     37.304     14.093     73.805      0.001
    14        -12  nu_ebar             23     9     0     0     0     0     0    -37.930    -24.367    -36.723     58.147      0.000
                                   Charge sum:  0.000           Momentum sum:      0.000      0.000   -163.698    425.199    392.424

 --------  End PYTHIA Event Listing  -----------------------------------------------------------------------------------------------

 --------  PYTHIA Event Listing  (complete event)  ---------------------------------------------------------------------------------
 
    no         id  name            status     mothers   daughters     colours      p_x        p_y        p_z         e          m 
     0         90  (system)           -11     0     0     0     0     0     0      0.000      0.000      0.000  13000.000  13000.000
     1       2212  (p+)               -12     0     0     7     0     0     0      0.000      0.000   6500.000   6500.000      0.938
     2       2212  (p+)               -12     0     0     8     0     0     0      0.000      0.000  -6500.000   6500.000      0.938
     3         21  (g)                -21     7     7     5     6   101   102      0.000      0.000    130.750    130.750      0.000
     4         21  (g)                -21     8     8     5     6   103   101      0.000      0.000   -294.448    294.448      0.000
     5          6  (t)                -22     3     4     9     9   103     0     62.102     29.397   -136.932    236.053    179.581
     6         -6  (tbar)             -22     3     4    10    10     0   102    -62.102    -29.397    -26.765    189.146    174.181
     7         21  (g)                -61     1     0     3     3   101   102      0.063     -0.187    130.750    130.750      0.000
     8         21  (g)                -61     2     0     4     4   103   101     -0.161      0.814   -294.448    294.449      0.000
     9          6  (t)                -62     5     5    15    16   103     0     62.024     29.842   -136.903    236.071    179.581
    10         -6  (tbar)             -62     6     6    17    18     0   102    -62.122    -29.215    -26.795    189.129    174.181
    11          2  u                   63     1     0     0     0   102     0     -0.223      0.121    122.861    122.862      0.330
    12       2101  ud_0                63     1     0     0     0     0   101      0.160      0.066   6246.388   6246.388      0.579
    13       2203  uu_1                63     2     0     0     0     0   103     -0.467     -0.167  -4923.670   4923.670      0.771
    14          1  d                   63     2     0     0     0   101     0      0.628     -0.648  -1281.880   1281.881      0.330
    15         24  (W+)               -22     9     0    19    20     0     0     49.264    -14.969     -6.232     97.259     82.276
    16          5  b                   23     9     0     0     0   103     0     12.760     44.811   -130.671    138.812      4.800
    17        -24  (W-)               -22    10     0    21    22     0     0   -100.048     13.065    -22.651    131.979     82.006
    18         -5  bbar                23    10     0     0     0     0   102     37.926    -42.279     -4.145     57.150      4.800
    19        -11  e+                  23    15     0     0     0     0     0     62.919     13.891      1.328     64.448      0.001
    20         12  nu_e                23    15     0     0     0     0     0    -13.655    -28.860     -7.560     32.810      0.000
    21         11  e-                  23    17     0     0     0     0     0    -62.113     37.375     14.082     73.846      0.001
    22        -12  nu_ebar             23    17     0     0     0     0     0    -37.936    -24.311    -36.733     58.133      0.000
                                   Charge sum:  2.000           Momentum sum:      0.000     -0.000      0.000  13000.000  13000.000

 --------  End PYTHIA Event Listing  -----------------------------------------------------------------------------------------------

 Pythia::next(): 1000 events have been generated 

 Pythia::next(): 2000 events have been generated 

 Pythia::next(): 3000 events have been generated 

 Pythia::next(): 4000 events have been generated 

 Pythia::next(): 5000 events have been generated 

 Pythia::next(): 6000 events have been generated 

 Pythia::next(): 7000 events have been generated 

 Pythia::next(): 8000 events have been generated 

 Pythia::next(): 9000 events have been generated 
Total: 10000
dbar u 2776		 Branching Ratio: 0.278
ebar ve 903		 Branching Ratio: 0.090
sbar u 147		 Branching Ratio: 0.015
sbar c 2738		 Branching Ratio: 0.274
taubar vtau 911		 Branching Ratio: 0.091
mubar vmu 919		 Branching Ratio: 0.092
dbar c 139		 Branching Ratio: 0.014
unknown 1464		 Branching Ratio: 0.146
bbar c 3		 Branching Ratio: 0.000

 *-------  PYTHIA Event and Cross Section Statistics  -------------------------------------------------------------*
 |                                                                                                                 |
 | Subprocess                                    Code |            Number of events       |      sigma +- delta    |
 |                                                    |       Tried   Selected   Accepted |     (estimated) (mb)   |
 |                                                    |                                   |                        |
 |-----------------------------------------------------------------------------------------------------------------|
 |                                                    |                                   |                        |
 | g g -> t tbar                                  601 |      114203       6612       6612 |   4.443e-07  2.763e-09 |
 | q qbar -> t tbar                               602 |       14520        995        995 |   6.429e-08  1.077e-09 |
 | q q -> t q (t-channel W+-)                     603 |       96479       2190       2190 |   1.493e-07  1.787e-09 |
 | f fbar -> t tbar (s-channel gamma*/Z0)         604 |         106          8          8 |   4.224e-10  8.049e-11 |
 | f fbar -> t qbar (s-channel W+-)               605 |        2002        116        116 |   7.580e-09  3.793e-10 |
 | gamma gamma -> t tbar                          606 |           2          0          0 |   0.000e+00  0.000e+00 |
 | g gamma -> t tbar                              607 |         933         79         79 |   5.860e-09  3.186e-10 |
 |                                                    |                                   |                        |
 | sum                                                |      228245      10000      10000 |   6.718e-07  3.499e-09 |
 |                                                                                                                 |
 *-------  End PYTHIA Event and Cross Section Statistics ----------------------------------------------------------*

 *-------  PYTHIA Error and Warning Messages Statistics  ----------------------------------------------------------* 
 |                                                                                                                 | 
 |  times   message                                                                                                | 
 |                                                                                                                 | 
 |      0   no errors or warnings to report                                                                        | 
 |                                                                                                                 | 
 *-------  End PYTHIA Error and Warning Messages Statistics  ------------------------------------------------------* 
