** INFO: adding module        ParticlePropagator       ParticlePropagator       
** INFO: adding module        Efficiency               ChargedHadronTrackingEfficiency
** INFO: adding module        Efficiency               ElectronTrackingEfficiency
** INFO: adding module        Efficiency               MuonTrackingEfficiency   
** INFO: adding module        MomentumSmearing         ChargedHadronMomentumSmearing
** INFO: adding module        EnergySmearing           ElectronEnergySmearing   
** INFO: adding module        MomentumSmearing         MuonMomentumSmearing     
** INFO: adding module        Merger                   TrackMerger              
** INFO: adding module        Calorimeter              Calorimeter              
** INFO: adding module        Merger                   EFlowMerger              
** INFO: adding module        Merger                   MissingET                
** INFO: adding module        FastJetFinder            FastJetFinder            
** INFO: adding module        TaggingParticlesSkimmer  TagSkimmer               
** INFO: adding module        EnergyScale              JetEnergyScale           
** INFO: adding module        Merger                   FinalTrackMerger         
** INFO: adding module        TreeWriter               TreeWriter               
** INFO: initializing module  Delphes                  
** INFO: initializing module  ParticlePropagator       
** INFO: initializing module  ChargedHadronTrackingEfficiency
** INFO: initializing module  ElectronTrackingEfficiency
** INFO: initializing module  MuonTrackingEfficiency   
** INFO: initializing module  ChargedHadronMomentumSmearing
** INFO: initializing module  ElectronEnergySmearing   
** INFO: initializing module  MuonMomentumSmearing     
** INFO: initializing module  TrackMerger              
** INFO: initializing module  Calorimeter              
** INFO: initializing module  EFlowMerger              
** INFO: initializing module  MissingET                
** INFO: initializing module  FastJetFinder            
#--------------------------------------------------------------------------
#                         FastJet release 3.3.4
#                 M. Cacciari, G.P. Salam and G. Soyez                  
#     A software package for jet finding and analysis at colliders      
#                           http://fastjet.fr                           
#	                                                                      
# Please cite EPJC72(2012)1896 [arXiv:1111.6097] if you use this package
# for scientific work and optionally PLB641(2006)57 [hep-ph/0512210].   
#                                                                       
# FastJet is provided without warranty under the GNU GPL v2 or higher.  
# It uses T. Chan's closest pair algorithm, S. Fortune's Voronoi code
# and 3rd party plugin jet algorithms. See COPYING file for details.
#--------------------------------------------------------------------------
** INFO: initializing module  JetEnergyScale           
** INFO: initializing module  TagSkimmer               
** INFO: initializing module  TreeWriter               
** INFO: adding module        ParticlePropagator       ParticlePropagator       
** INFO: adding module        Efficiency               ChargedHadronTrackingEfficiency
** INFO: adding module        Efficiency               ElectronTrackingEfficiency
** INFO: adding module        Efficiency               MuonTrackingEfficiency   
** INFO: adding module        MomentumSmearing         ChargedHadronMomentumSmearing
** INFO: adding module        EnergySmearing           ElectronEnergySmearing   
** INFO: adding module        MomentumSmearing         MuonMomentumSmearing     
** INFO: adding module        Merger                   TrackMerger              
** INFO: adding module        Calorimeter              Calorimeter              
** INFO: adding module        Merger                   EFlowMerger              
** INFO: adding module        Merger                   MissingET                
** INFO: adding module        FastJetFinder            FastJetFinder            
** INFO: adding module        TaggingParticlesSkimmer  TagSkimmer               
** INFO: adding module        EnergyScale              JetEnergyScale           
** INFO: adding module        Merger                   FinalTrackMerger         
** INFO: adding module        TreeWriter               TreeWriter               
** INFO: initializing module  Delphes                  
** INFO: initializing module  ParticlePropagator       
** INFO: initializing module  ChargedHadronTrackingEfficiency
** INFO: initializing module  ElectronTrackingEfficiency
** INFO: initializing module  MuonTrackingEfficiency   
** INFO: initializing module  ChargedHadronMomentumSmearing
** INFO: initializing module  ElectronEnergySmearing   
** INFO: initializing module  MuonMomentumSmearing     
** INFO: initializing module  TrackMerger              
** INFO: initializing module  Calorimeter              
** INFO: initializing module  EFlowMerger              
** INFO: initializing module  MissingET                
** INFO: initializing module  FastJetFinder            
** INFO: initializing module  JetEnergyScale           
** INFO: initializing module  TagSkimmer               
** INFO: initializing module  TreeWriter               
